Determining if the pthread_create exist failed with the following output:
Change Dir: /home/ubuntu/testtt/build/CMakeFiles/CMakeTmp

Run Build Command:"/usr/bin/make" "cmTC_39e94/fast"
/usr/bin/make -f CMakeFiles/cmTC_39e94.dir/build.make CMakeFiles/cmTC_39e94.dir/build
make[1]: Entering directory '/home/ubuntu/testtt/build/CMakeFiles/CMakeTmp'
Building C object CMakeFiles/cmTC_39e94.dir/CheckSymbolExists.c.o
/usr/bin/cc     -o CMakeFiles/cmTC_39e94.dir/CheckSymbolExists.c.o   -c /home/ubuntu/testtt/build/CMakeFiles/CMakeTmp/CheckSymbolExists.c
Linking C executable cmTC_39e94
/usr/bin/cmake -E cmake_link_script CMakeFiles/cmTC_39e94.dir/link.txt --verbose=1
/usr/bin/cc       CMakeFiles/cmTC_39e94.dir/CheckSymbolExists.c.o  -o cmTC_39e94 -rdynamic 
CMakeFiles/cmTC_39e94.dir/CheckSymbolExists.c.o: In function `main':
CheckSymbolExists.c:(.text+0x14): undefined reference to `pthread_create'
CheckSymbolExists.c:(.text+0x18): undefined reference to `pthread_create'
collect2: error: ld returned 1 exit status
CMakeFiles/cmTC_39e94.dir/build.make:97: recipe for target 'cmTC_39e94' failed
make[1]: *** [cmTC_39e94] Error 1
make[1]: Leaving directory '/home/ubuntu/testtt/build/CMakeFiles/CMakeTmp'
Makefile:126: recipe for target 'cmTC_39e94/fast' failed
make: *** [cmTC_39e94/fast] Error 2

File /home/ubuntu/testtt/build/CMakeFiles/CMakeTmp/CheckSymbolExists.c:
/* */
#include <pthread.h>

int main(int argc, char** argv)
{
  (void)argv;
#ifndef pthread_create
  return ((int*)(&pthread_create))[argc];
#else
  (void)argc;
  return 0;
#endif
}

Determining if the function pthread_create exists in the pthreads failed with the following output:
Change Dir: /home/ubuntu/testtt/build/CMakeFiles/CMakeTmp

Run Build Command:"/usr/bin/make" "cmTC_ff7b5/fast"
/usr/bin/make -f CMakeFiles/cmTC_ff7b5.dir/build.make CMakeFiles/cmTC_ff7b5.dir/build
make[1]: Entering directory '/home/ubuntu/testtt/build/CMakeFiles/CMakeTmp'
Building C object CMakeFiles/cmTC_ff7b5.dir/CheckFunctionExists.c.o
/usr/bin/cc    -DCHECK_FUNCTION_EXISTS=pthread_create   -o CMakeFiles/cmTC_ff7b5.dir/CheckFunctionExists.c.o   -c /usr/share/cmake-3.5/Modules/CheckFunctionExists.c
Linking C executable cmTC_ff7b5
/usr/bin/cmake -E cmake_link_script CMakeFiles/cmTC_ff7b5.dir/link.txt --verbose=1
/usr/bin/cc   -DCHECK_FUNCTION_EXISTS=pthread_create    CMakeFiles/cmTC_ff7b5.dir/CheckFunctionExists.c.o  -o cmTC_ff7b5 -rdynamic -lpthreads 
/usr/bin/ld: cannot find -lpthreads
collect2: error: ld returned 1 exit status
CMakeFiles/cmTC_ff7b5.dir/build.make:97: recipe for target 'cmTC_ff7b5' failed
make[1]: *** [cmTC_ff7b5] Error 1
make[1]: Leaving directory '/home/ubuntu/testtt/build/CMakeFiles/CMakeTmp'
Makefile:126: recipe for target 'cmTC_ff7b5/fast' failed
make: *** [cmTC_ff7b5/fast] Error 2


Determining if the Q_WS_WIN exist failed with the following output:
Change Dir: /home/ubuntu/testtt/build/CMakeFiles/CMakeTmp

Run Build Command:"/usr/bin/make" "cmTC_2e73f/fast"
/usr/bin/make -f CMakeFiles/cmTC_2e73f.dir/build.make CMakeFiles/cmTC_2e73f.dir/build
make[1]: Entering directory '/home/ubuntu/testtt/build/CMakeFiles/CMakeTmp'
Building CXX object CMakeFiles/cmTC_2e73f.dir/CheckSymbolExists.cxx.o
/usr/bin/c++    -I/usr/include/qt4   -o CMakeFiles/cmTC_2e73f.dir/CheckSymbolExists.cxx.o -c /home/ubuntu/testtt/build/CMakeFiles/CMakeTmp/CheckSymbolExists.cxx
/home/ubuntu/testtt/build/CMakeFiles/CMakeTmp/CheckSymbolExists.cxx: In function 'int main(int, char**)':
/home/ubuntu/testtt/build/CMakeFiles/CMakeTmp/CheckSymbolExists.cxx:8:19: error: 'Q_WS_WIN' was not declared in this scope
   return ((int*)(&Q_WS_WIN))[argc];
                   ^
CMakeFiles/cmTC_2e73f.dir/build.make:65: recipe for target 'CMakeFiles/cmTC_2e73f.dir/CheckSymbolExists.cxx.o' failed
make[1]: *** [CMakeFiles/cmTC_2e73f.dir/CheckSymbolExists.cxx.o] Error 1
make[1]: Leaving directory '/home/ubuntu/testtt/build/CMakeFiles/CMakeTmp'
Makefile:126: recipe for target 'cmTC_2e73f/fast' failed
make: *** [cmTC_2e73f/fast] Error 2

File /home/ubuntu/testtt/build/CMakeFiles/CMakeTmp/CheckSymbolExists.cxx:
/* */
#include <QtCore/qglobal.h>

int main(int argc, char** argv)
{
  (void)argv;
#ifndef Q_WS_WIN
  return ((int*)(&Q_WS_WIN))[argc];
#else
  (void)argc;
  return 0;
#endif
}

Determining if the Q_WS_QWS exist failed with the following output:
Change Dir: /home/ubuntu/testtt/build/CMakeFiles/CMakeTmp

Run Build Command:"/usr/bin/make" "cmTC_68f26/fast"
/usr/bin/make -f CMakeFiles/cmTC_68f26.dir/build.make CMakeFiles/cmTC_68f26.dir/build
make[1]: Entering directory '/home/ubuntu/testtt/build/CMakeFiles/CMakeTmp'
Building CXX object CMakeFiles/cmTC_68f26.dir/CheckSymbolExists.cxx.o
/usr/bin/c++    -I/usr/include/qt4   -o CMakeFiles/cmTC_68f26.dir/CheckSymbolExists.cxx.o -c /home/ubuntu/testtt/build/CMakeFiles/CMakeTmp/CheckSymbolExists.cxx
/home/ubuntu/testtt/build/CMakeFiles/CMakeTmp/CheckSymbolExists.cxx: In function 'int main(int, char**)':
/home/ubuntu/testtt/build/CMakeFiles/CMakeTmp/CheckSymbolExists.cxx:8:19: error: 'Q_WS_QWS' was not declared in this scope
   return ((int*)(&Q_WS_QWS))[argc];
                   ^
CMakeFiles/cmTC_68f26.dir/build.make:65: recipe for target 'CMakeFiles/cmTC_68f26.dir/CheckSymbolExists.cxx.o' failed
make[1]: *** [CMakeFiles/cmTC_68f26.dir/CheckSymbolExists.cxx.o] Error 1
make[1]: Leaving directory '/home/ubuntu/testtt/build/CMakeFiles/CMakeTmp'
Makefile:126: recipe for target 'cmTC_68f26/fast' failed
make: *** [cmTC_68f26/fast] Error 2

File /home/ubuntu/testtt/build/CMakeFiles/CMakeTmp/CheckSymbolExists.cxx:
/* */
#include <QtCore/qglobal.h>

int main(int argc, char** argv)
{
  (void)argv;
#ifndef Q_WS_QWS
  return ((int*)(&Q_WS_QWS))[argc];
#else
  (void)argc;
  return 0;
#endif
}

Determining if the Q_WS_MAC exist failed with the following output:
Change Dir: /home/ubuntu/testtt/build/CMakeFiles/CMakeTmp

Run Build Command:"/usr/bin/make" "cmTC_ae009/fast"
/usr/bin/make -f CMakeFiles/cmTC_ae009.dir/build.make CMakeFiles/cmTC_ae009.dir/build
make[1]: Entering directory '/home/ubuntu/testtt/build/CMakeFiles/CMakeTmp'
Building CXX object CMakeFiles/cmTC_ae009.dir/CheckSymbolExists.cxx.o
/usr/bin/c++    -I/usr/include/qt4   -o CMakeFiles/cmTC_ae009.dir/CheckSymbolExists.cxx.o -c /home/ubuntu/testtt/build/CMakeFiles/CMakeTmp/CheckSymbolExists.cxx
/home/ubuntu/testtt/build/CMakeFiles/CMakeTmp/CheckSymbolExists.cxx: In function 'int main(int, char**)':
/home/ubuntu/testtt/build/CMakeFiles/CMakeTmp/CheckSymbolExists.cxx:8:19: error: 'Q_WS_MAC' was not declared in this scope
   return ((int*)(&Q_WS_MAC))[argc];
                   ^
CMakeFiles/cmTC_ae009.dir/build.make:65: recipe for target 'CMakeFiles/cmTC_ae009.dir/CheckSymbolExists.cxx.o' failed
make[1]: *** [CMakeFiles/cmTC_ae009.dir/CheckSymbolExists.cxx.o] Error 1
make[1]: Leaving directory '/home/ubuntu/testtt/build/CMakeFiles/CMakeTmp'
Makefile:126: recipe for target 'cmTC_ae009/fast' failed
make: *** [cmTC_ae009/fast] Error 2

File /home/ubuntu/testtt/build/CMakeFiles/CMakeTmp/CheckSymbolExists.cxx:
/* */
#include <QtCore/qglobal.h>

int main(int argc, char** argv)
{
  (void)argv;
#ifndef Q_WS_MAC
  return ((int*)(&Q_WS_MAC))[argc];
#else
  (void)argc;
  return 0;
#endif
}

